[0m10:24:54.296006 [debug] [MainThread]: Sending event: {'category': 'dbt', 'action': 'invocation', 'label': 'start', 'context': [<snowplow_tracker.self_describing_json.SelfDescribingJson object at 0x7fe1781a8cb0>, <snowplow_tracker.self_describing_json.SelfDescribingJson object at 0x7fe1787c7050>, <snowplow_tracker.self_describing_json.SelfDescribingJson object at 0x7fe179cd2480>]}


============================== 10:24:54.300734 | 929bee7b-9c22-48e1-938e-f64273376575 ==============================
[0m10:24:54.300734 [info ] [MainThread]: Running with dbt=1.9.3
[0m10:24:54.301591 [debug] [MainThread]: running dbt with arguments {'printer_width': '80', 'indirect_selection': 'eager', 'write_json': 'True', 'log_cache_events': 'False', 'partial_parse': 'True', 'cache_selected_only': 'False', 'profiles_dir': '/home/egor/.dbt', 'version_check': 'True', 'fail_fast': 'False', 'log_path': 'logs', 'debug': 'False', 'warn_error': 'None', 'use_colors': 'True', 'use_experimental_parser': 'False', 'empty': 'None', 'quiet': 'False', 'no_print': 'None', 'log_format': 'default', 'static_parser': 'True', 'invocation_command': 'dbt init', 'warn_error_options': 'WarnErrorOptions(include=[], exclude=[])', 'target_path': 'None', 'introspect': 'True', 'send_anonymous_usage_stats': 'True'}
[0m10:25:20.607156 [debug] [MainThread]: Starter project path: /home/egor/projects/TSM_DWH/venv/lib64/python3.12/site-packages/dbt/include/starter_project
[0m10:25:20.610192 [info ] [MainThread]: 
Your new dbt project "postgres_dwh" was created!

For more information on how to configure the profiles.yml file,
please consult the dbt documentation here:

  https://docs.getdbt.com/docs/configure-your-profile

One more thing:

Need help? Don't hesitate to reach out to us via GitHub issues or on Slack:

  https://community.getdbt.com/

Happy modeling!

[0m10:25:20.610835 [info ] [MainThread]: Setting up your profile.
[0m10:26:10.352338 [info ] [MainThread]: Profile postgres_dwh written to /home/egor/.dbt/profiles.yml using target's profile_template.yml and your supplied values. Run 'dbt debug' to validate the connection.
[0m10:26:10.356871 [debug] [MainThread]: Resource report: {"command_name": "init", "command_success": true, "command_wall_clock_time": 76.12335, "process_in_blocks": "144", "process_kernel_time": 0.150322, "process_mem_max_rss": "98448", "process_out_blocks": "344", "process_user_time": 1.678132}
[0m10:26:10.357692 [debug] [MainThread]: Command `dbt init` succeeded at 10:26:10.357463 after 76.12 seconds
[0m10:26:10.358769 [debug] [MainThread]: Sending event: {'category': 'dbt', 'action': 'invocation', 'label': 'end', 'context': [<snowplow_tracker.self_describing_json.SelfDescribingJson object at 0x7fe1781a8cb0>, <snowplow_tracker.self_describing_json.SelfDescribingJson object at 0x7fe177dc9040>, <snowplow_tracker.self_describing_json.SelfDescribingJson object at 0x7fe177796570>]}
[0m10:26:10.359504 [debug] [MainThread]: Flushing usage events
[0m10:26:11.388542 [debug] [MainThread]: An error was encountered while trying to flush usage events
[0m10:26:23.267290 [debug] [MainThread]: Sending event: {'category': 'dbt', 'action': 'invocation', 'label': 'start', 'context': [<snowplow_tracker.self_describing_json.SelfDescribingJson object at 0x7f3e124201d0>, <snowplow_tracker.self_describing_json.SelfDescribingJson object at 0x7f3e129f7ce0>, <snowplow_tracker.self_describing_json.SelfDescribingJson object at 0x7f3e12420050>]}


============================== 10:26:23.270974 | 9721d7b2-42a6-4fe0-ae17-ef0329affeac ==============================
[0m10:26:23.270974 [info ] [MainThread]: Running with dbt=1.9.3
[0m10:26:23.271946 [debug] [MainThread]: running dbt with arguments {'printer_width': '80', 'indirect_selection': 'eager', 'log_cache_events': 'False', 'write_json': 'True', 'partial_parse': 'True', 'cache_selected_only': 'False', 'profiles_dir': '/home/egor/.dbt', 'version_check': 'True', 'fail_fast': 'False', 'log_path': 'logs', 'warn_error': 'None', 'debug': 'False', 'use_colors': 'True', 'use_experimental_parser': 'False', 'no_print': 'None', 'quiet': 'False', 'empty': 'None', 'log_format': 'default', 'introspect': 'True', 'warn_error_options': 'WarnErrorOptions(include=[], exclude=[])', 'invocation_command': 'dbt debug', 'target_path': 'None', 'static_parser': 'True', 'send_anonymous_usage_stats': 'True'}
[0m10:26:23.287010 [info ] [MainThread]: dbt version: 1.9.3
[0m10:26:23.287620 [info ] [MainThread]: python version: 3.12.9
[0m10:26:23.288222 [info ] [MainThread]: python path: /home/egor/projects/TSM_DWH/venv/bin/python
[0m10:26:23.288754 [info ] [MainThread]: os info: Linux-6.13.7-100.fc40.x86_64-x86_64-with-glibc2.39
[0m10:26:23.298267 [info ] [MainThread]: Error importing adapter: No module named 'dbt.adapters.snowflake'
[0m10:26:23.366669 [info ] [MainThread]: Using profiles dir at /home/egor/.dbt
[0m10:26:23.367360 [info ] [MainThread]: Using profiles.yml file at /home/egor/.dbt/profiles.yml
[0m10:26:23.368009 [info ] [MainThread]: Using dbt_project.yml file at /home/egor/projects/TSM_DWH/dbt_project.yml
[0m10:26:23.368676 [info ] [MainThread]: Configuration:
[0m10:26:23.369308 [info ] [MainThread]:   profiles.yml file [[31mERROR invalid[0m]
[0m10:26:23.370011 [info ] [MainThread]:   dbt_project.yml file [[31mERROR not found[0m]
[0m10:26:23.370577 [info ] [MainThread]: Required dependencies:
[0m10:26:23.371169 [debug] [MainThread]: Executing "git --help"
[0m10:26:23.378758 [debug] [MainThread]: STDOUT: "b"usage: git [-v | --version] [-h | --help] [-C <path>] [-c <name>=<value>]\n           [--exec-path[=<path>]] [--html-path] [--man-path] [--info-path]\n           [-p | --paginate | -P | --no-pager] [--no-replace-objects] [--no-lazy-fetch]\n           [--no-optional-locks] [--no-advice] [--bare] [--git-dir=<path>]\n           [--work-tree=<path>] [--namespace=<name>] [--config-env=<name>=<envvar>]\n           <command> [<args>]\n\nThese are common Git commands used in various situations:\n\nstart a working area (see also: git help tutorial)\n   clone     Clone a repository into a new directory\n   init      Create an empty Git repository or reinitialize an existing one\n\nwork on the current change (see also: git help everyday)\n   add       Add file contents to the index\n   mv        Move or rename a file, a directory, or a symlink\n   restore   Restore working tree files\n   rm        Remove files from the working tree and from the index\n\nexamine the history and state (see also: git help revisions)\n   bisect    Use binary search to find the commit that introduced a bug\n   diff      Show changes between commits, commit and working tree, etc\n   grep      Print lines matching a pattern\n   log       Show commit logs\n   show      Show various types of objects\n   status    Show the working tree status\n\ngrow, mark and tweak your common history\n   branch    List, create, or delete branches\n   commit    Record changes to the repository\n   merge     Join two or more development histories together\n   rebase    Reapply commits on top of another base tip\n   reset     Reset current HEAD to the specified state\n   switch    Switch branches\n   tag       Create, list, delete or verify a tag object signed with GPG\n\ncollaborate (see also: git help workflows)\n   fetch     Download objects and refs from another repository\n   pull      Fetch from and integrate with another repository or a local branch\n   push      Update remote refs along with associated objects\n\n'git help -a' and 'git help -g' list available subcommands and some\nconcept guides. See 'git help <command>' or 'git help <concept>'\nto read about a specific subcommand or concept.\nSee 'git help git' for an overview of the system.\n""
[0m10:26:23.379987 [debug] [MainThread]: STDERR: "b''"
[0m10:26:23.380521 [info ] [MainThread]:  - git [[32mOK found[0m]

[0m10:26:23.381373 [info ] [MainThread]: Connection test skipped since no profile was found
[0m10:26:23.382337 [info ] [MainThread]: [31m2 checks failed:[0m
[0m10:26:23.383155 [info ] [MainThread]: Could not load dbt_project.yml
Profile loading failed for the following reason:
Runtime Error
  Credentials in profile "dbtvault_snowflake_demo", target "dev" invalid: Runtime Error
    Could not find adapter type snowflake!


[0m10:26:23.383725 [info ] [MainThread]: Project loading failed for the following reason:
 project path </home/egor/projects/TSM_DWH/dbt_project.yml> not found

[0m10:26:23.385589 [debug] [MainThread]: Resource report: {"command_name": "debug", "command_success": false, "command_wall_clock_time": 0.1740575, "process_in_blocks": "0", "process_kernel_time": 0.141005, "process_mem_max_rss": "99148", "process_out_blocks": "16", "process_user_time": 1.736959}
[0m10:26:23.386813 [debug] [MainThread]: Command `dbt debug` failed at 10:26:23.386529 after 0.18 seconds
[0m10:26:23.388081 [debug] [MainThread]: Sending event: {'category': 'dbt', 'action': 'invocation', 'label': 'end', 'context': [<snowplow_tracker.self_describing_json.SelfDescribingJson object at 0x7f3e129f7ce0>, <snowplow_tracker.self_describing_json.SelfDescribingJson object at 0x7f3e12d5b110>, <snowplow_tracker.self_describing_json.SelfDescribingJson object at 0x7f3e121d6c00>]}
[0m10:26:23.389408 [debug] [MainThread]: Flushing usage events
[0m10:26:24.188588 [debug] [MainThread]: An error was encountered while trying to flush usage events
[0m10:29:59.865031 [debug] [MainThread]: Sending event: {'category': 'dbt', 'action': 'invocation', 'label': 'start', 'context': [<snowplow_tracker.self_describing_json.SelfDescribingJson object at 0x7f5fd24da600>, <snowplow_tracker.self_describing_json.SelfDescribingJson object at 0x7f5fd369e240>, <snowplow_tracker.self_describing_json.SelfDescribingJson object at 0x7f5fd369f440>]}


============================== 10:29:59.871119 | fc59b86f-a3cd-4d81-bb39-2ce308cf08c3 ==============================
[0m10:29:59.871119 [info ] [MainThread]: Running with dbt=1.9.3
[0m10:29:59.872313 [debug] [MainThread]: running dbt with arguments {'printer_width': '80', 'indirect_selection': 'eager', 'write_json': 'True', 'log_cache_events': 'False', 'partial_parse': 'True', 'cache_selected_only': 'False', 'warn_error': 'None', 'debug': 'False', 'fail_fast': 'False', 'log_path': '/home/egor/projects/TSM_DWH/logs', 'profiles_dir': '/home/egor/.dbt', 'version_check': 'True', 'use_colors': 'True', 'use_experimental_parser': 'False', 'no_print': 'None', 'quiet': 'False', 'empty': 'None', 'warn_error_options': 'WarnErrorOptions(include=[], exclude=[])', 'static_parser': 'True', 'introspect': 'True', 'log_format': 'default', 'target_path': 'None', 'invocation_command': 'dbt debug', 'send_anonymous_usage_stats': 'True'}
[0m10:29:59.891300 [info ] [MainThread]: dbt version: 1.9.3
[0m10:29:59.892261 [info ] [MainThread]: python version: 3.12.9
[0m10:29:59.893389 [info ] [MainThread]: python path: /home/egor/projects/TSM_DWH/venv/bin/python
[0m10:29:59.894372 [info ] [MainThread]: os info: Linux-6.13.7-100.fc40.x86_64-x86_64-with-glibc2.39
[0m10:29:59.966767 [info ] [MainThread]: Using profiles dir at /home/egor/.dbt
[0m10:29:59.967442 [info ] [MainThread]: Using profiles.yml file at /home/egor/.dbt/profiles.yml
[0m10:29:59.968085 [info ] [MainThread]: Using dbt_project.yml file at /home/egor/projects/TSM_DWH/dbt_project.yml
[0m10:29:59.968865 [info ] [MainThread]: adapter type: postgres
[0m10:29:59.969465 [info ] [MainThread]: adapter version: 1.9.0
[0m10:30:00.085065 [info ] [MainThread]: Configuration:
[0m10:30:00.085774 [info ] [MainThread]:   profiles.yml file [[32mOK found and valid[0m]
[0m10:30:00.086400 [info ] [MainThread]:   dbt_project.yml file [[32mOK found and valid[0m]
[0m10:30:00.087006 [info ] [MainThread]: Required dependencies:
[0m10:30:00.087608 [debug] [MainThread]: Executing "git --help"
[0m10:30:00.090240 [debug] [MainThread]: STDOUT: "b"usage: git [-v | --version] [-h | --help] [-C <path>] [-c <name>=<value>]\n           [--exec-path[=<path>]] [--html-path] [--man-path] [--info-path]\n           [-p | --paginate | -P | --no-pager] [--no-replace-objects] [--no-lazy-fetch]\n           [--no-optional-locks] [--no-advice] [--bare] [--git-dir=<path>]\n           [--work-tree=<path>] [--namespace=<name>] [--config-env=<name>=<envvar>]\n           <command> [<args>]\n\nThese are common Git commands used in various situations:\n\nstart a working area (see also: git help tutorial)\n   clone     Clone a repository into a new directory\n   init      Create an empty Git repository or reinitialize an existing one\n\nwork on the current change (see also: git help everyday)\n   add       Add file contents to the index\n   mv        Move or rename a file, a directory, or a symlink\n   restore   Restore working tree files\n   rm        Remove files from the working tree and from the index\n\nexamine the history and state (see also: git help revisions)\n   bisect    Use binary search to find the commit that introduced a bug\n   diff      Show changes between commits, commit and working tree, etc\n   grep      Print lines matching a pattern\n   log       Show commit logs\n   show      Show various types of objects\n   status    Show the working tree status\n\ngrow, mark and tweak your common history\n   branch    List, create, or delete branches\n   commit    Record changes to the repository\n   merge     Join two or more development histories together\n   rebase    Reapply commits on top of another base tip\n   reset     Reset current HEAD to the specified state\n   switch    Switch branches\n   tag       Create, list, delete or verify a tag object signed with GPG\n\ncollaborate (see also: git help workflows)\n   fetch     Download objects and refs from another repository\n   pull      Fetch from and integrate with another repository or a local branch\n   push      Update remote refs along with associated objects\n\n'git help -a' and 'git help -g' list available subcommands and some\nconcept guides. See 'git help <command>' or 'git help <concept>'\nto read about a specific subcommand or concept.\nSee 'git help git' for an overview of the system.\n""
[0m10:30:00.090921 [debug] [MainThread]: STDERR: "b''"
[0m10:30:00.091788 [info ] [MainThread]:  - git [[32mOK found[0m]

[0m10:30:00.092802 [info ] [MainThread]: Connection:
[0m10:30:00.093731 [info ] [MainThread]:   host: localhost
[0m10:30:00.094651 [info ] [MainThread]:   port: 5432
[0m10:30:00.095465 [info ] [MainThread]:   user: postgres
[0m10:30:00.096429 [info ] [MainThread]:   database: postgres
[0m10:30:00.097606 [info ] [MainThread]:   schema: public
[0m10:30:00.098858 [info ] [MainThread]:   connect_timeout: 10
[0m10:30:00.099889 [info ] [MainThread]:   role: None
[0m10:30:00.100595 [info ] [MainThread]:   search_path: None
[0m10:30:00.101405 [info ] [MainThread]:   keepalives_idle: 0
[0m10:30:00.102004 [info ] [MainThread]:   sslmode: None
[0m10:30:00.102669 [info ] [MainThread]:   sslcert: None
[0m10:30:00.103624 [info ] [MainThread]:   sslkey: None
[0m10:30:00.104517 [info ] [MainThread]:   sslrootcert: None
[0m10:30:00.105394 [info ] [MainThread]:   application_name: dbt
[0m10:30:00.106295 [info ] [MainThread]:   retries: 1
[0m10:30:00.107413 [info ] [MainThread]: Registered adapter: postgres=1.9.0
[0m10:30:00.223194 [debug] [MainThread]: Acquiring new postgres connection 'debug'
[0m10:30:00.257335 [debug] [MainThread]: Using postgres connection "debug"
[0m10:30:00.257919 [debug] [MainThread]: On debug: select 1 as id
[0m10:30:00.258417 [debug] [MainThread]: Opening a new connection, currently in state init
[0m10:30:00.277735 [debug] [MainThread]: Postgres adapter: Got a retryable error when attempting to open a postgres connection.
1 attempts remaining. Retrying in 0 seconds.
Error:
connection to server at "localhost" (::1), port 5432 failed: FATAL:  Ident authentication failed for user "postgres"

[0m10:30:00.281379 [debug] [MainThread]: Postgres adapter: Error running SQL: select 1 as id
[0m10:30:00.281937 [debug] [MainThread]: Postgres adapter: Rolling back transaction.
[0m10:30:00.282413 [debug] [MainThread]: On debug: No close available on handle
[0m10:30:00.282928 [info ] [MainThread]:   Connection test: [[31mERROR[0m]

[0m10:30:00.283458 [info ] [MainThread]: [31m1 check failed:[0m
[0m10:30:00.284286 [info ] [MainThread]: dbt was unable to connect to the specified database.
The database returned the following error:

  >Database Error
  connection to server at "localhost" (::1), port 5432 failed: FATAL:  Ident authentication failed for user "postgres"
  

Check your database credentials and try again. For more information, visit:
https://docs.getdbt.com/docs/configure-your-profile


[0m10:30:00.286172 [debug] [MainThread]: Resource report: {"command_name": "debug", "command_success": false, "command_wall_clock_time": 0.48416987, "process_in_blocks": "824", "process_kernel_time": 0.205105, "process_mem_max_rss": "108108", "process_out_blocks": "24", "process_user_time": 1.786354}
[0m10:30:00.287200 [debug] [MainThread]: Command `dbt debug` failed at 10:30:00.287059 after 0.49 seconds
[0m10:30:00.287994 [debug] [MainThread]: Connection 'debug' was properly closed.
[0m10:30:00.289090 [debug] [MainThread]: Sending event: {'category': 'dbt', 'action': 'invocation', 'label': 'end', 'context': [<snowplow_tracker.self_describing_json.SelfDescribingJson object at 0x7f5fd43901a0>, <snowplow_tracker.self_describing_json.SelfDescribingJson object at 0x7f5fd35f8800>, <snowplow_tracker.self_describing_json.SelfDescribingJson object at 0x7f5fd05040e0>]}
[0m10:30:00.290162 [debug] [MainThread]: Flushing usage events
[0m10:30:01.193578 [debug] [MainThread]: An error was encountered while trying to flush usage events
[0m10:32:01.259815 [debug] [MainThread]: Sending event: {'category': 'dbt', 'action': 'invocation', 'label': 'start', 'context': [<snowplow_tracker.self_describing_json.SelfDescribingJson object at 0x7f019d4912b0>, <snowplow_tracker.self_describing_json.SelfDescribingJson object at 0x7f019cc19850>, <snowplow_tracker.self_describing_json.SelfDescribingJson object at 0x7f019ece4920>]}


============================== 10:32:01.263698 | b127e064-c87a-4136-9c7e-1c8a28019142 ==============================
[0m10:32:01.263698 [info ] [MainThread]: Running with dbt=1.9.3
[0m10:32:01.264628 [debug] [MainThread]: running dbt with arguments {'printer_width': '80', 'indirect_selection': 'eager', 'log_cache_events': 'False', 'write_json': 'True', 'partial_parse': 'True', 'cache_selected_only': 'False', 'profiles_dir': '/home/egor/.dbt', 'debug': 'False', 'version_check': 'True', 'log_path': '/home/egor/projects/TSM_DWH/logs', 'warn_error': 'None', 'fail_fast': 'False', 'use_colors': 'True', 'use_experimental_parser': 'False', 'empty': 'None', 'quiet': 'False', 'no_print': 'None', 'warn_error_options': 'WarnErrorOptions(include=[], exclude=[])', 'invocation_command': 'dbt debug', 'introspect': 'True', 'static_parser': 'True', 'target_path': 'None', 'log_format': 'default', 'send_anonymous_usage_stats': 'True'}
[0m10:32:01.279267 [info ] [MainThread]: dbt version: 1.9.3
[0m10:32:01.280690 [info ] [MainThread]: python version: 3.12.9
[0m10:32:01.281553 [info ] [MainThread]: python path: /home/egor/projects/TSM_DWH/venv/bin/python
[0m10:32:01.282533 [info ] [MainThread]: os info: Linux-6.13.7-100.fc40.x86_64-x86_64-with-glibc2.39
[0m10:32:01.343975 [info ] [MainThread]: Using profiles dir at /home/egor/.dbt
[0m10:32:01.344692 [info ] [MainThread]: Using profiles.yml file at /home/egor/.dbt/profiles.yml
[0m10:32:01.345380 [info ] [MainThread]: Using dbt_project.yml file at /home/egor/projects/TSM_DWH/dbt_project.yml
[0m10:32:01.459299 [info ] [MainThread]: Configuration:
[0m10:32:01.460056 [info ] [MainThread]:   profiles.yml file [[31mERROR invalid[0m]
[0m10:32:01.460640 [info ] [MainThread]:   dbt_project.yml file [[32mOK found and valid[0m]
[0m10:32:01.461286 [info ] [MainThread]: Required dependencies:
[0m10:32:01.461855 [debug] [MainThread]: Executing "git --help"
[0m10:32:01.464447 [debug] [MainThread]: STDOUT: "b"usage: git [-v | --version] [-h | --help] [-C <path>] [-c <name>=<value>]\n           [--exec-path[=<path>]] [--html-path] [--man-path] [--info-path]\n           [-p | --paginate | -P | --no-pager] [--no-replace-objects] [--no-lazy-fetch]\n           [--no-optional-locks] [--no-advice] [--bare] [--git-dir=<path>]\n           [--work-tree=<path>] [--namespace=<name>] [--config-env=<name>=<envvar>]\n           <command> [<args>]\n\nThese are common Git commands used in various situations:\n\nstart a working area (see also: git help tutorial)\n   clone     Clone a repository into a new directory\n   init      Create an empty Git repository or reinitialize an existing one\n\nwork on the current change (see also: git help everyday)\n   add       Add file contents to the index\n   mv        Move or rename a file, a directory, or a symlink\n   restore   Restore working tree files\n   rm        Remove files from the working tree and from the index\n\nexamine the history and state (see also: git help revisions)\n   bisect    Use binary search to find the commit that introduced a bug\n   diff      Show changes between commits, commit and working tree, etc\n   grep      Print lines matching a pattern\n   log       Show commit logs\n   show      Show various types of objects\n   status    Show the working tree status\n\ngrow, mark and tweak your common history\n   branch    List, create, or delete branches\n   commit    Record changes to the repository\n   merge     Join two or more development histories together\n   rebase    Reapply commits on top of another base tip\n   reset     Reset current HEAD to the specified state\n   switch    Switch branches\n   tag       Create, list, delete or verify a tag object signed with GPG\n\ncollaborate (see also: git help workflows)\n   fetch     Download objects and refs from another repository\n   pull      Fetch from and integrate with another repository or a local branch\n   push      Update remote refs along with associated objects\n\n'git help -a' and 'git help -g' list available subcommands and some\nconcept guides. See 'git help <command>' or 'git help <concept>'\nto read about a specific subcommand or concept.\nSee 'git help git' for an overview of the system.\n""
[0m10:32:01.465080 [debug] [MainThread]: STDERR: "b''"
[0m10:32:01.465570 [info ] [MainThread]:  - git [[32mOK found[0m]

[0m10:32:01.466104 [info ] [MainThread]: Connection test skipped since no profile was found
[0m10:32:01.466871 [info ] [MainThread]: [31m1 check failed:[0m
[0m10:32:01.467778 [info ] [MainThread]: Profile loading failed for the following reason:
Runtime Error
  Credentials in profile "postgres_dwh", target "dev" invalid: 1234 is not of type 'string'


[0m10:32:01.469663 [debug] [MainThread]: Resource report: {"command_name": "debug", "command_success": false, "command_wall_clock_time": 0.2662074, "process_in_blocks": "0", "process_kernel_time": 0.138355, "process_mem_max_rss": "101612", "process_out_blocks": "16", "process_user_time": 1.661417}
[0m10:32:01.470753 [debug] [MainThread]: Command `dbt debug` failed at 10:32:01.470565 after 0.27 seconds
[0m10:32:01.471635 [debug] [MainThread]: Sending event: {'category': 'dbt', 'action': 'invocation', 'label': 'end', 'context': [<snowplow_tracker.self_describing_json.SelfDescribingJson object at 0x7f019cc19850>, <snowplow_tracker.self_describing_json.SelfDescribingJson object at 0x7f019c1b9310>, <snowplow_tracker.self_describing_json.SelfDescribingJson object at 0x7f019c1b9160>]}
[0m10:32:01.472644 [debug] [MainThread]: Flushing usage events
[0m10:32:02.316080 [debug] [MainThread]: An error was encountered while trying to flush usage events
[0m10:32:21.898469 [debug] [MainThread]: Sending event: {'category': 'dbt', 'action': 'invocation', 'label': 'start', 'context': [<snowplow_tracker.self_describing_json.SelfDescribingJson object at 0x7f8db9d64920>, <snowplow_tracker.self_describing_json.SelfDescribingJson object at 0x7f8dbb40ef60>, <snowplow_tracker.self_describing_json.SelfDescribingJson object at 0x7f8db9610500>]}


============================== 10:32:21.902307 | 8c80f243-82df-4723-ba87-652161b2d982 ==============================
[0m10:32:21.902307 [info ] [MainThread]: Running with dbt=1.9.3
[0m10:32:21.903094 [debug] [MainThread]: running dbt with arguments {'printer_width': '80', 'indirect_selection': 'eager', 'log_cache_events': 'False', 'write_json': 'True', 'partial_parse': 'True', 'cache_selected_only': 'False', 'warn_error': 'None', 'fail_fast': 'False', 'debug': 'False', 'log_path': '/home/egor/projects/TSM_DWH/logs', 'profiles_dir': '/home/egor/.dbt', 'version_check': 'True', 'use_colors': 'True', 'use_experimental_parser': 'False', 'empty': 'None', 'quiet': 'False', 'no_print': 'None', 'log_format': 'default', 'invocation_command': 'dbt debug', 'warn_error_options': 'WarnErrorOptions(include=[], exclude=[])', 'introspect': 'True', 'target_path': 'None', 'static_parser': 'True', 'send_anonymous_usage_stats': 'True'}
[0m10:32:21.917166 [info ] [MainThread]: dbt version: 1.9.3
[0m10:32:21.917860 [info ] [MainThread]: python version: 3.12.9
[0m10:32:21.918563 [info ] [MainThread]: python path: /home/egor/projects/TSM_DWH/venv/bin/python
[0m10:32:21.919156 [info ] [MainThread]: os info: Linux-6.13.7-100.fc40.x86_64-x86_64-with-glibc2.39
[0m10:32:21.987558 [info ] [MainThread]: Using profiles dir at /home/egor/.dbt
[0m10:32:21.988198 [info ] [MainThread]: Using profiles.yml file at /home/egor/.dbt/profiles.yml
[0m10:32:21.988895 [info ] [MainThread]: Using dbt_project.yml file at /home/egor/projects/TSM_DWH/dbt_project.yml
[0m10:32:21.989840 [info ] [MainThread]: adapter type: postgres
[0m10:32:21.990366 [info ] [MainThread]: adapter version: 1.9.0
[0m10:32:22.106228 [info ] [MainThread]: Configuration:
[0m10:32:22.106872 [info ] [MainThread]:   profiles.yml file [[32mOK found and valid[0m]
[0m10:32:22.107416 [info ] [MainThread]:   dbt_project.yml file [[32mOK found and valid[0m]
[0m10:32:22.108019 [info ] [MainThread]: Required dependencies:
[0m10:32:22.108578 [debug] [MainThread]: Executing "git --help"
[0m10:32:22.111039 [debug] [MainThread]: STDOUT: "b"usage: git [-v | --version] [-h | --help] [-C <path>] [-c <name>=<value>]\n           [--exec-path[=<path>]] [--html-path] [--man-path] [--info-path]\n           [-p | --paginate | -P | --no-pager] [--no-replace-objects] [--no-lazy-fetch]\n           [--no-optional-locks] [--no-advice] [--bare] [--git-dir=<path>]\n           [--work-tree=<path>] [--namespace=<name>] [--config-env=<name>=<envvar>]\n           <command> [<args>]\n\nThese are common Git commands used in various situations:\n\nstart a working area (see also: git help tutorial)\n   clone     Clone a repository into a new directory\n   init      Create an empty Git repository or reinitialize an existing one\n\nwork on the current change (see also: git help everyday)\n   add       Add file contents to the index\n   mv        Move or rename a file, a directory, or a symlink\n   restore   Restore working tree files\n   rm        Remove files from the working tree and from the index\n\nexamine the history and state (see also: git help revisions)\n   bisect    Use binary search to find the commit that introduced a bug\n   diff      Show changes between commits, commit and working tree, etc\n   grep      Print lines matching a pattern\n   log       Show commit logs\n   show      Show various types of objects\n   status    Show the working tree status\n\ngrow, mark and tweak your common history\n   branch    List, create, or delete branches\n   commit    Record changes to the repository\n   merge     Join two or more development histories together\n   rebase    Reapply commits on top of another base tip\n   reset     Reset current HEAD to the specified state\n   switch    Switch branches\n   tag       Create, list, delete or verify a tag object signed with GPG\n\ncollaborate (see also: git help workflows)\n   fetch     Download objects and refs from another repository\n   pull      Fetch from and integrate with another repository or a local branch\n   push      Update remote refs along with associated objects\n\n'git help -a' and 'git help -g' list available subcommands and some\nconcept guides. See 'git help <command>' or 'git help <concept>'\nto read about a specific subcommand or concept.\nSee 'git help git' for an overview of the system.\n""
[0m10:32:22.111608 [debug] [MainThread]: STDERR: "b''"
[0m10:32:22.112419 [info ] [MainThread]:  - git [[32mOK found[0m]

[0m10:32:22.113423 [info ] [MainThread]: Connection:
[0m10:32:22.114333 [info ] [MainThread]:   host: localhost
[0m10:32:22.115240 [info ] [MainThread]:   port: 5432
[0m10:32:22.116114 [info ] [MainThread]:   user: postgres
[0m10:32:22.117331 [info ] [MainThread]:   database: postgres
[0m10:32:22.118224 [info ] [MainThread]:   schema: public
[0m10:32:22.119321 [info ] [MainThread]:   connect_timeout: 10
[0m10:32:22.120418 [info ] [MainThread]:   role: None
[0m10:32:22.121367 [info ] [MainThread]:   search_path: None
[0m10:32:22.122005 [info ] [MainThread]:   keepalives_idle: 0
[0m10:32:22.122576 [info ] [MainThread]:   sslmode: None
[0m10:32:22.123140 [info ] [MainThread]:   sslcert: None
[0m10:32:22.123906 [info ] [MainThread]:   sslkey: None
[0m10:32:22.124760 [info ] [MainThread]:   sslrootcert: None
[0m10:32:22.125636 [info ] [MainThread]:   application_name: dbt
[0m10:32:22.126627 [info ] [MainThread]:   retries: 1
[0m10:32:22.127843 [info ] [MainThread]: Registered adapter: postgres=1.9.0
[0m10:32:22.240432 [debug] [MainThread]: Acquiring new postgres connection 'debug'
[0m10:32:22.269845 [debug] [MainThread]: Using postgres connection "debug"
[0m10:32:22.270457 [debug] [MainThread]: On debug: select 1 as id
[0m10:32:22.270921 [debug] [MainThread]: Opening a new connection, currently in state init
[0m10:32:22.275566 [debug] [MainThread]: Postgres adapter: Got a retryable error when attempting to open a postgres connection.
1 attempts remaining. Retrying in 0 seconds.
Error:
connection to server at "localhost" (::1), port 5432 failed: FATAL:  Ident authentication failed for user "postgres"

[0m10:32:22.279076 [debug] [MainThread]: Postgres adapter: Error running SQL: select 1 as id
[0m10:32:22.280140 [debug] [MainThread]: Postgres adapter: Rolling back transaction.
[0m10:32:22.281147 [debug] [MainThread]: On debug: No close available on handle
[0m10:32:22.281609 [info ] [MainThread]:   Connection test: [[31mERROR[0m]

[0m10:32:22.282286 [info ] [MainThread]: [31m1 check failed:[0m
[0m10:32:22.283137 [info ] [MainThread]: dbt was unable to connect to the specified database.
The database returned the following error:

  >Database Error
  connection to server at "localhost" (::1), port 5432 failed: FATAL:  Ident authentication failed for user "postgres"
  

Check your database credentials and try again. For more information, visit:
https://docs.getdbt.com/docs/configure-your-profile


[0m10:32:22.284766 [debug] [MainThread]: Resource report: {"command_name": "debug", "command_success": false, "command_wall_clock_time": 0.44919735, "process_in_blocks": "0", "process_kernel_time": 0.19105, "process_mem_max_rss": "108192", "process_out_blocks": "24", "process_user_time": 1.784941}
[0m10:32:22.285479 [debug] [MainThread]: Command `dbt debug` failed at 10:32:22.285307 after 0.45 seconds
[0m10:32:22.286160 [debug] [MainThread]: Connection 'debug' was properly closed.
[0m10:32:22.286681 [debug] [MainThread]: Sending event: {'category': 'dbt', 'action': 'invocation', 'label': 'end', 'context': [<snowplow_tracker.self_describing_json.SelfDescribingJson object at 0x7f8db9d64920>, <snowplow_tracker.self_describing_json.SelfDescribingJson object at 0x7f8db94c9df0>, <snowplow_tracker.self_describing_json.SelfDescribingJson object at 0x7f8db8e50350>]}
[0m10:32:22.287337 [debug] [MainThread]: Flushing usage events
[0m10:32:23.104487 [debug] [MainThread]: An error was encountered while trying to flush usage events
[0m10:34:17.063767 [debug] [MainThread]: Sending event: {'category': 'dbt', 'action': 'invocation', 'label': 'start', 'context': [<snowplow_tracker.self_describing_json.SelfDescribingJson object at 0x7f60797d6ab0>, <snowplow_tracker.self_describing_json.SelfDescribingJson object at 0x7f60797d4f80>, <snowplow_tracker.self_describing_json.SelfDescribingJson object at 0x7f60797d7f50>]}


============================== 10:34:17.067656 | 3683a995-e259-4f36-9626-051d51b449d3 ==============================
[0m10:34:17.067656 [info ] [MainThread]: Running with dbt=1.9.3
[0m10:34:17.068502 [debug] [MainThread]: running dbt with arguments {'printer_width': '80', 'indirect_selection': 'eager', 'log_cache_events': 'False', 'write_json': 'True', 'partial_parse': 'True', 'cache_selected_only': 'False', 'profiles_dir': '/home/egor/.dbt', 'fail_fast': 'False', 'debug': 'False', 'log_path': '/home/egor/projects/TSM_DWH/logs', 'version_check': 'True', 'warn_error': 'None', 'use_colors': 'True', 'use_experimental_parser': 'False', 'empty': 'None', 'quiet': 'False', 'no_print': 'None', 'warn_error_options': 'WarnErrorOptions(include=[], exclude=[])', 'introspect': 'True', 'static_parser': 'True', 'log_format': 'default', 'target_path': 'None', 'invocation_command': 'dbt debug', 'send_anonymous_usage_stats': 'True'}
[0m10:34:17.083457 [info ] [MainThread]: dbt version: 1.9.3
[0m10:34:17.084432 [info ] [MainThread]: python version: 3.12.9
[0m10:34:17.085583 [info ] [MainThread]: python path: /home/egor/projects/TSM_DWH/venv/bin/python
[0m10:34:17.086679 [info ] [MainThread]: os info: Linux-6.13.7-100.fc40.x86_64-x86_64-with-glibc2.39
[0m10:34:17.153332 [info ] [MainThread]: Using profiles dir at /home/egor/.dbt
[0m10:34:17.154045 [info ] [MainThread]: Using profiles.yml file at /home/egor/.dbt/profiles.yml
[0m10:34:17.154602 [info ] [MainThread]: Using dbt_project.yml file at /home/egor/projects/TSM_DWH/dbt_project.yml
[0m10:34:17.155518 [info ] [MainThread]: adapter type: postgres
[0m10:34:17.156103 [info ] [MainThread]: adapter version: 1.9.0
[0m10:34:17.273306 [info ] [MainThread]: Configuration:
[0m10:34:17.274069 [info ] [MainThread]:   profiles.yml file [[32mOK found and valid[0m]
[0m10:34:17.274664 [info ] [MainThread]:   dbt_project.yml file [[32mOK found and valid[0m]
[0m10:34:17.275297 [info ] [MainThread]: Required dependencies:
[0m10:34:17.275985 [debug] [MainThread]: Executing "git --help"
[0m10:34:17.278291 [debug] [MainThread]: STDOUT: "b"usage: git [-v | --version] [-h | --help] [-C <path>] [-c <name>=<value>]\n           [--exec-path[=<path>]] [--html-path] [--man-path] [--info-path]\n           [-p | --paginate | -P | --no-pager] [--no-replace-objects] [--no-lazy-fetch]\n           [--no-optional-locks] [--no-advice] [--bare] [--git-dir=<path>]\n           [--work-tree=<path>] [--namespace=<name>] [--config-env=<name>=<envvar>]\n           <command> [<args>]\n\nThese are common Git commands used in various situations:\n\nstart a working area (see also: git help tutorial)\n   clone     Clone a repository into a new directory\n   init      Create an empty Git repository or reinitialize an existing one\n\nwork on the current change (see also: git help everyday)\n   add       Add file contents to the index\n   mv        Move or rename a file, a directory, or a symlink\n   restore   Restore working tree files\n   rm        Remove files from the working tree and from the index\n\nexamine the history and state (see also: git help revisions)\n   bisect    Use binary search to find the commit that introduced a bug\n   diff      Show changes between commits, commit and working tree, etc\n   grep      Print lines matching a pattern\n   log       Show commit logs\n   show      Show various types of objects\n   status    Show the working tree status\n\ngrow, mark and tweak your common history\n   branch    List, create, or delete branches\n   commit    Record changes to the repository\n   merge     Join two or more development histories together\n   rebase    Reapply commits on top of another base tip\n   reset     Reset current HEAD to the specified state\n   switch    Switch branches\n   tag       Create, list, delete or verify a tag object signed with GPG\n\ncollaborate (see also: git help workflows)\n   fetch     Download objects and refs from another repository\n   pull      Fetch from and integrate with another repository or a local branch\n   push      Update remote refs along with associated objects\n\n'git help -a' and 'git help -g' list available subcommands and some\nconcept guides. See 'git help <command>' or 'git help <concept>'\nto read about a specific subcommand or concept.\nSee 'git help git' for an overview of the system.\n""
[0m10:34:17.278865 [debug] [MainThread]: STDERR: "b''"
[0m10:34:17.279328 [info ] [MainThread]:  - git [[32mOK found[0m]

[0m10:34:17.279902 [info ] [MainThread]: Connection:
[0m10:34:17.280889 [info ] [MainThread]:   host: localhost
[0m10:34:17.281856 [info ] [MainThread]:   port: 5432
[0m10:34:17.282792 [info ] [MainThread]:   user: postgres
[0m10:34:17.283427 [info ] [MainThread]:   database: postgres
[0m10:34:17.284379 [info ] [MainThread]:   schema: public
[0m10:34:17.285363 [info ] [MainThread]:   connect_timeout: 10
[0m10:34:17.286452 [info ] [MainThread]:   role: None
[0m10:34:17.287511 [info ] [MainThread]:   search_path: None
[0m10:34:17.288601 [info ] [MainThread]:   keepalives_idle: 0
[0m10:34:17.289498 [info ] [MainThread]:   sslmode: None
[0m10:34:17.290129 [info ] [MainThread]:   sslcert: None
[0m10:34:17.291197 [info ] [MainThread]:   sslkey: None
[0m10:34:17.292043 [info ] [MainThread]:   sslrootcert: None
[0m10:34:17.292812 [info ] [MainThread]:   application_name: dbt
[0m10:34:17.293422 [info ] [MainThread]:   retries: 1
[0m10:34:17.294544 [info ] [MainThread]: Registered adapter: postgres=1.9.0
[0m10:34:17.428453 [debug] [MainThread]: Acquiring new postgres connection 'debug'
[0m10:34:17.460393 [debug] [MainThread]: Using postgres connection "debug"
[0m10:34:17.460955 [debug] [MainThread]: On debug: select 1 as id
[0m10:34:17.461407 [debug] [MainThread]: Opening a new connection, currently in state init
[0m10:34:17.466045 [debug] [MainThread]: Postgres adapter: Got a retryable error when attempting to open a postgres connection.
1 attempts remaining. Retrying in 0 seconds.
Error:
connection to server at "localhost" (::1), port 5432 failed: FATAL:  Ident authentication failed for user "postgres"

[0m10:34:17.469457 [debug] [MainThread]: Postgres adapter: Error running SQL: select 1 as id
[0m10:34:17.470522 [debug] [MainThread]: Postgres adapter: Rolling back transaction.
[0m10:34:17.471604 [debug] [MainThread]: On debug: No close available on handle
[0m10:34:17.472228 [info ] [MainThread]:   Connection test: [[31mERROR[0m]

[0m10:34:17.472868 [info ] [MainThread]: [31m1 check failed:[0m
[0m10:34:17.473627 [info ] [MainThread]: dbt was unable to connect to the specified database.
The database returned the following error:

  >Database Error
  connection to server at "localhost" (::1), port 5432 failed: FATAL:  Ident authentication failed for user "postgres"
  

Check your database credentials and try again. For more information, visit:
https://docs.getdbt.com/docs/configure-your-profile


[0m10:34:17.475183 [debug] [MainThread]: Resource report: {"command_name": "debug", "command_success": false, "command_wall_clock_time": 0.46748513, "process_in_blocks": "592", "process_kernel_time": 0.191653, "process_mem_max_rss": "108308", "process_out_blocks": "24", "process_user_time": 1.805094}
[0m10:34:17.475799 [debug] [MainThread]: Command `dbt debug` failed at 10:34:17.475628 after 0.47 seconds
[0m10:34:17.476307 [debug] [MainThread]: Connection 'debug' was properly closed.
[0m10:34:17.476846 [debug] [MainThread]: Sending event: {'category': 'dbt', 'action': 'invocation', 'label': 'end', 'context': [<snowplow_tracker.self_describing_json.SelfDescribingJson object at 0x7f60797608f0>, <snowplow_tracker.self_describing_json.SelfDescribingJson object at 0x7f607a1ebe30>, <snowplow_tracker.self_describing_json.SelfDescribingJson object at 0x7f607d6b78c0>]}
[0m10:34:17.477399 [debug] [MainThread]: Flushing usage events
[0m10:34:18.367835 [debug] [MainThread]: An error was encountered while trying to flush usage events
[0m10:34:37.089542 [debug] [MainThread]: Sending event: {'category': 'dbt', 'action': 'invocation', 'label': 'start', 'context': [<snowplow_tracker.self_describing_json.SelfDescribingJson object at 0x7f20786deba0>, <snowplow_tracker.self_describing_json.SelfDescribingJson object at 0x7f20777d4a40>, <snowplow_tracker.self_describing_json.SelfDescribingJson object at 0x7f2076038f80>]}


============================== 10:34:37.093396 | 4f675124-89b5-4782-b467-4055ea63de97 ==============================
[0m10:34:37.093396 [info ] [MainThread]: Running with dbt=1.9.3
[0m10:34:37.094323 [debug] [MainThread]: running dbt with arguments {'printer_width': '80', 'indirect_selection': 'eager', 'log_cache_events': 'False', 'write_json': 'True', 'partial_parse': 'True', 'cache_selected_only': 'False', 'warn_error': 'None', 'debug': 'False', 'version_check': 'True', 'log_path': '/home/egor/projects/TSM_DWH/logs', 'fail_fast': 'False', 'profiles_dir': '/home/egor/.dbt', 'use_colors': 'True', 'use_experimental_parser': 'False', 'empty': 'None', 'quiet': 'False', 'no_print': 'None', 'log_format': 'default', 'invocation_command': 'dbt debug', 'introspect': 'True', 'static_parser': 'True', 'target_path': 'None', 'warn_error_options': 'WarnErrorOptions(include=[], exclude=[])', 'send_anonymous_usage_stats': 'True'}
[0m10:34:37.110560 [info ] [MainThread]: dbt version: 1.9.3
[0m10:34:37.111846 [info ] [MainThread]: python version: 3.12.9
[0m10:34:37.113016 [info ] [MainThread]: python path: /home/egor/projects/TSM_DWH/venv/bin/python
[0m10:34:37.113922 [info ] [MainThread]: os info: Linux-6.13.7-100.fc40.x86_64-x86_64-with-glibc2.39
[0m10:34:37.181426 [info ] [MainThread]: Using profiles dir at /home/egor/.dbt
[0m10:34:37.182249 [info ] [MainThread]: Using profiles.yml file at /home/egor/.dbt/profiles.yml
[0m10:34:37.183003 [info ] [MainThread]: Using dbt_project.yml file at /home/egor/projects/TSM_DWH/dbt_project.yml
[0m10:34:37.183949 [info ] [MainThread]: adapter type: postgres
[0m10:34:37.184568 [info ] [MainThread]: adapter version: 1.9.0
[0m10:34:37.304051 [info ] [MainThread]: Configuration:
[0m10:34:37.304743 [info ] [MainThread]:   profiles.yml file [[32mOK found and valid[0m]
[0m10:34:37.305415 [info ] [MainThread]:   dbt_project.yml file [[32mOK found and valid[0m]
[0m10:34:37.306143 [info ] [MainThread]: Required dependencies:
[0m10:34:37.307078 [debug] [MainThread]: Executing "git --help"
[0m10:34:37.309758 [debug] [MainThread]: STDOUT: "b"usage: git [-v | --version] [-h | --help] [-C <path>] [-c <name>=<value>]\n           [--exec-path[=<path>]] [--html-path] [--man-path] [--info-path]\n           [-p | --paginate | -P | --no-pager] [--no-replace-objects] [--no-lazy-fetch]\n           [--no-optional-locks] [--no-advice] [--bare] [--git-dir=<path>]\n           [--work-tree=<path>] [--namespace=<name>] [--config-env=<name>=<envvar>]\n           <command> [<args>]\n\nThese are common Git commands used in various situations:\n\nstart a working area (see also: git help tutorial)\n   clone     Clone a repository into a new directory\n   init      Create an empty Git repository or reinitialize an existing one\n\nwork on the current change (see also: git help everyday)\n   add       Add file contents to the index\n   mv        Move or rename a file, a directory, or a symlink\n   restore   Restore working tree files\n   rm        Remove files from the working tree and from the index\n\nexamine the history and state (see also: git help revisions)\n   bisect    Use binary search to find the commit that introduced a bug\n   diff      Show changes between commits, commit and working tree, etc\n   grep      Print lines matching a pattern\n   log       Show commit logs\n   show      Show various types of objects\n   status    Show the working tree status\n\ngrow, mark and tweak your common history\n   branch    List, create, or delete branches\n   commit    Record changes to the repository\n   merge     Join two or more development histories together\n   rebase    Reapply commits on top of another base tip\n   reset     Reset current HEAD to the specified state\n   switch    Switch branches\n   tag       Create, list, delete or verify a tag object signed with GPG\n\ncollaborate (see also: git help workflows)\n   fetch     Download objects and refs from another repository\n   pull      Fetch from and integrate with another repository or a local branch\n   push      Update remote refs along with associated objects\n\n'git help -a' and 'git help -g' list available subcommands and some\nconcept guides. See 'git help <command>' or 'git help <concept>'\nto read about a specific subcommand or concept.\nSee 'git help git' for an overview of the system.\n""
[0m10:34:37.310620 [debug] [MainThread]: STDERR: "b''"
[0m10:34:37.311516 [info ] [MainThread]:  - git [[32mOK found[0m]

[0m10:34:37.312459 [info ] [MainThread]: Connection:
[0m10:34:37.313416 [info ] [MainThread]:   host: 127.0.0.1
[0m10:34:37.314336 [info ] [MainThread]:   port: 5432
[0m10:34:37.315081 [info ] [MainThread]:   user: postgres
[0m10:34:37.316184 [info ] [MainThread]:   database: postgres
[0m10:34:37.317143 [info ] [MainThread]:   schema: public
[0m10:34:37.318309 [info ] [MainThread]:   connect_timeout: 10
[0m10:34:37.319414 [info ] [MainThread]:   role: None
[0m10:34:37.320431 [info ] [MainThread]:   search_path: None
[0m10:34:37.321418 [info ] [MainThread]:   keepalives_idle: 0
[0m10:34:37.322101 [info ] [MainThread]:   sslmode: None
[0m10:34:37.323105 [info ] [MainThread]:   sslcert: None
[0m10:34:37.324154 [info ] [MainThread]:   sslkey: None
[0m10:34:37.325086 [info ] [MainThread]:   sslrootcert: None
[0m10:34:37.325738 [info ] [MainThread]:   application_name: dbt
[0m10:34:37.326427 [info ] [MainThread]:   retries: 1
[0m10:34:37.327194 [info ] [MainThread]: Registered adapter: postgres=1.9.0
[0m10:34:37.455611 [debug] [MainThread]: Acquiring new postgres connection 'debug'
[0m10:34:37.483711 [debug] [MainThread]: Using postgres connection "debug"
[0m10:34:37.484380 [debug] [MainThread]: On debug: select 1 as id
[0m10:34:37.484885 [debug] [MainThread]: Opening a new connection, currently in state init
[0m10:34:37.499865 [debug] [MainThread]: SQL status: SELECT 1 in 0.015 seconds
[0m10:34:37.501397 [debug] [MainThread]: On debug: Close
[0m10:34:37.502217 [info ] [MainThread]:   Connection test: [[32mOK connection ok[0m]

[0m10:34:37.502932 [info ] [MainThread]: [32mAll checks passed![0m
[0m10:34:37.504620 [debug] [MainThread]: Resource report: {"command_name": "debug", "command_success": true, "command_wall_clock_time": 0.47340927, "process_in_blocks": "0", "process_kernel_time": 0.188408, "process_mem_max_rss": "109372", "process_out_blocks": "16", "process_user_time": 1.824241}
[0m10:34:37.505356 [debug] [MainThread]: Command `dbt debug` succeeded at 10:34:37.505199 after 0.47 seconds
[0m10:34:37.505833 [debug] [MainThread]: Connection 'debug' was properly closed.
[0m10:34:37.506331 [debug] [MainThread]: Sending event: {'category': 'dbt', 'action': 'invocation', 'label': 'end', 'context': [<snowplow_tracker.self_describing_json.SelfDescribingJson object at 0x7f20757d7140>, <snowplow_tracker.self_describing_json.SelfDescribingJson object at 0x7f2075752c90>, <snowplow_tracker.self_describing_json.SelfDescribingJson object at 0x7f2075750230>]}
[0m10:34:37.506899 [debug] [MainThread]: Flushing usage events
[0m10:34:38.272807 [debug] [MainThread]: An error was encountered while trying to flush usage events
